Change Component Footprint: Designator=W1 Old Footprint=RAD-0.2 New Footprint=JP1
Change Component Footprint: Designator=W2 Old Footprint=RAD-0.2 New Footprint=JP1
Added Component: Designator=M1(Ra-01 Module)
Added Pin To Net: NetName=NetJ5_1 Pin=M1-1
Added Pin To Net: NetName=GND Pin=M1-2
Added Pin To Net: NetName=3V3 Pin=M1-3
Added Pin To Net: NetName=RESET Pin=M1-4
Added Pin To Net: NetName=DIO0 Pin=M1-5
Added Pin To Net: NetName=DIO1 Pin=M1-6
Added Pin To Net: NetName=DIO2 Pin=M1-7
Added Pin To Net: NetName=DIO3 Pin=M1-8
Added Pin To Net: NetName=GND Pin=M1-9
Added Pin To Net: NetName=DIO4 Pin=M1-10
Added Pin To Net: NetName=DIO5 Pin=M1-11
Added Pin To Net: NetName=SPI3_SCK Pin=M1-12
Added Pin To Net: NetName=SPI3_MISO Pin=M1-13
Added Pin To Net: NetName=SPI3_MOSI Pin=M1-14
Added Pin To Net: NetName=SPI3_NSS Pin=M1-15
Added Pin To Net: NetName=GND Pin=M1-16
Added Member To Class: ClassName=sch Member=Component M1 Ra-01 Module
Added Room: Name=sch
